This is pdfTeX, Version 3.14159265-2.6-1.40.21 (MiKTeX 20.7) (preloaded format=pdflatex 2020.8.17)  11 NOV 2021 16:40
entering extended mode
**./ThesisText.tex
(ThesisText.tex
LaTeX2e <2020-02-02> patch level 5
L3 programming layer <2020-08-07>
(C:\Users\mrKC1\AppData\Local\Programs\MiKTeX\tex/latex/base\report.cls
Document Class: report 2019/12/20 v1.4l Standard LaTeX document class
(C:\Users\mrKC1\AppData\Local\Programs\MiKTeX\tex/latex/base\size12.clo
File: size12.clo 2019/12/20 v1.4l Standard LaTeX file (size option)
)
\c@part=\count168
\c@chapter=\count169
\c@section=\count170
\c@subsection=\count171
\c@subsubsection=\count172
\c@paragraph=\count173
\c@subparagraph=\count174
\c@figure=\count175
\c@table=\count176
\abovecaptionskip=\skip47
\belowcaptionskip=\skip48
\bibindent=\dimen134
)
(C:\Users\mrKC1\AppData\Local\Programs\MiKTeX\tex/latex/graphics\graphicx.sty
Package: graphicx 2019/11/30 v1.2a Enhanced LaTeX Graphics (DPC,SPQR)

(C:\Users\mrKC1\AppData\Local\Programs\MiKTeX\tex/latex/graphics\keyval.sty
Package: keyval 2014/10/28 v1.15 key=value parser (DPC)
\KV@toks@=\toks15
)
(C:\Users\mrKC1\AppData\Local\Programs\MiKTeX\tex/latex/graphics\graphics.sty
Package: graphics 2019/11/30 v1.4a Standard LaTeX Graphics (DPC,SPQR)

(C:\Users\mrKC1\AppData\Local\Programs\MiKTeX\tex/latex/graphics\trig.sty
Package: trig 2016/01/03 v1.10 sin cos tan (DPC)
)
(C:\Users\mrKC1\AppData\Local\Programs\MiKTeX\tex/latex/graphics-cfg\graphics.c
fg
File: graphics.cfg 2016/06/04 v1.11 sample graphics configuration
)
Package graphics Info: Driver file: pdftex.def on input line 105.

(C:\Users\mrKC1\AppData\Local\Programs\MiKTeX\tex/latex/graphics-def\pdftex.def
File: pdftex.def 2018/01/08 v1.0l Graphics/color driver for pdftex
))
\Gin@req@height=\dimen135
\Gin@req@width=\dimen136
) (C:\Users\mrKC1\AppData\Local\Programs\MiKTeX\tex/latex/natbib\natbib.sty
Package: natbib 2010/09/13 8.31b (PWD, AO)
\bibhang=\skip49
\bibsep=\skip50
LaTeX Info: Redefining \cite on input line 694.
\c@NAT@ctr=\count177
)
(C:\Users\mrKC1\AppData\Local\Programs\MiKTeX\tex/latex/todonotes\todonotes.sty
Package: todonotes 2021/06/04 v1.1.5 Todonotes source and documentation.
Package: todonotes 2021/06/04
(C:\Users\mrKC1\AppData\Local\Programs\MiKTeX\tex/latex/base\ifthen.sty
Package: ifthen 2014/09/29 v1.1c Standard LaTeX ifthen package (DPC)
)
(C:\Users\mrKC1\AppData\Local\Programs\MiKTeX\tex/latex/xkeyval\xkeyval.sty
Package: xkeyval 2014/12/03 v2.7a package option processing (HA)

(C:\Users\mrKC1\AppData\Local\Programs\MiKTeX\tex/generic/xkeyval\xkeyval.tex
(C:\Users\mrKC1\AppData\Local\Programs\MiKTeX\tex/generic/xkeyval\xkvutils.tex
\XKV@toks=\toks16
\XKV@tempa@toks=\toks17
)
\XKV@depth=\count178
File: xkeyval.tex 2014/12/03 v2.7a key=value parser (HA)
)) (C:\Users\mrKC1\AppData\Local\Programs\MiKTeX\tex/latex/xcolor\xcolor.sty
Package: xcolor 2016/05/11 v2.12 LaTeX color extensions (UK)

(C:\Users\mrKC1\AppData\Local\Programs\MiKTeX\tex/latex/graphics-cfg\color.cfg
File: color.cfg 2016/01/02 v1.6 sample color configuration
)
Package xcolor Info: Driver file: pdftex.def on input line 225.
Package xcolor Info: Model `cmy' substituted by `cmy0' on input line 1348.
Package xcolor Info: Model `hsb' substituted by `rgb' on input line 1352.
Package xcolor Info: Model `RGB' extended on input line 1364.
Package xcolor Info: Model `HTML' substituted by `rgb' on input line 1366.
Package xcolor Info: Model `Hsb' substituted by `hsb' on input line 1367.
Package xcolor Info: Model `tHsb' substituted by `hsb' on input line 1368.
Package xcolor Info: Model `HSB' substituted by `hsb' on input line 1369.
Package xcolor Info: Model `Gray' substituted by `gray' on input line 1370.
Package xcolor Info: Model `wave' substituted by `hsb' on input line 1371.
)
(C:\Users\mrKC1\AppData\Local\Programs\MiKTeX\tex/latex/pgf/frontendlayer\tikz.
sty
(C:\Users\mrKC1\AppData\Local\Programs\MiKTeX\tex/latex/pgf/basiclayer\pgf.sty
(C:\Users\mrKC1\AppData\Local\Programs\MiKTeX\tex/latex/pgf/utilities\pgfrcs.st
y
(C:\Users\mrKC1\AppData\Local\Programs\MiKTeX\tex/generic/pgf/utilities\pgfutil
-common.tex
\pgfutil@everybye=\toks18
\pgfutil@tempdima=\dimen137
\pgfutil@tempdimb=\dimen138

(C:\Users\mrKC1\AppData\Local\Programs\MiKTeX\tex/generic/pgf/utilities\pgfutil
-common-lists.tex))
(C:\Users\mrKC1\AppData\Local\Programs\MiKTeX\tex/generic/pgf/utilities\pgfutil
-latex.def
\pgfutil@abb=\box45

(C:\Users\mrKC1\AppData\Local\Programs\MiKTeX\tex/latex/ms\everyshi.sty
Package: everyshi 2001/05/15 v3.00 EveryShipout Package (MS)
))
(C:\Users\mrKC1\AppData\Local\Programs\MiKTeX\tex/generic/pgf/utilities\pgfrcs.
code.tex
(C:\Users\mrKC1\AppData\Local\Programs\MiKTeX\tex/generic/pgf\pgf.revision.tex)
Package: pgfrcs 2020/01/08 v3.1.5b (3.1.5b)
))
Package: pgf 2020/01/08 v3.1.5b (3.1.5b)

(C:\Users\mrKC1\AppData\Local\Programs\MiKTeX\tex/latex/pgf/basiclayer\pgfcore.
sty
(C:\Users\mrKC1\AppData\Local\Programs\MiKTeX\tex/latex/pgf/systemlayer\pgfsys.
sty
(C:\Users\mrKC1\AppData\Local\Programs\MiKTeX\tex/generic/pgf/systemlayer\pgfsy
s.code.tex
Package: pgfsys 2020/01/08 v3.1.5b (3.1.5b)

(C:\Users\mrKC1\AppData\Local\Programs\MiKTeX\tex/generic/pgf/utilities\pgfkeys
.code.tex
\pgfkeys@pathtoks=\toks19
\pgfkeys@temptoks=\toks20

(C:\Users\mrKC1\AppData\Local\Programs\MiKTeX\tex/generic/pgf/utilities\pgfkeys
filtered.code.tex
\pgfkeys@tmptoks=\toks21
))
\pgf@x=\dimen139
\pgf@y=\dimen140
\pgf@xa=\dimen141
\pgf@ya=\dimen142
\pgf@xb=\dimen143
\pgf@yb=\dimen144
\pgf@xc=\dimen145
\pgf@yc=\dimen146
\pgf@xd=\dimen147
\pgf@yd=\dimen148
\w@pgf@writea=\write3
\r@pgf@reada=\read2
\c@pgf@counta=\count179
\c@pgf@countb=\count180
\c@pgf@countc=\count181
\c@pgf@countd=\count182
\t@pgf@toka=\toks22
\t@pgf@tokb=\toks23
\t@pgf@tokc=\toks24
\pgf@sys@id@count=\count183

(C:\Users\mrKC1\AppData\Local\Programs\MiKTeX\tex/generic/pgf/systemlayer\pgf.c
fg
File: pgf.cfg 2020/01/08 v3.1.5b (3.1.5b)
)
Driver file for pgf: pgfsys-pdftex.def

(C:\Users\mrKC1\AppData\Local\Programs\MiKTeX\tex/generic/pgf/systemlayer\pgfsy
s-pdftex.def
File: pgfsys-pdftex.def 2020/01/08 v3.1.5b (3.1.5b)

(C:\Users\mrKC1\AppData\Local\Programs\MiKTeX\tex/generic/pgf/systemlayer\pgfsy
s-common-pdf.def
File: pgfsys-common-pdf.def 2020/01/08 v3.1.5b (3.1.5b)
)))
(C:\Users\mrKC1\AppData\Local\Programs\MiKTeX\tex/generic/pgf/systemlayer\pgfsy
ssoftpath.code.tex
File: pgfsyssoftpath.code.tex 2020/01/08 v3.1.5b (3.1.5b)
\pgfsyssoftpath@smallbuffer@items=\count184
\pgfsyssoftpath@bigbuffer@items=\count185
)
(C:\Users\mrKC1\AppData\Local\Programs\MiKTeX\tex/generic/pgf/systemlayer\pgfsy
sprotocol.code.tex
File: pgfsysprotocol.code.tex 2020/01/08 v3.1.5b (3.1.5b)
))
(C:\Users\mrKC1\AppData\Local\Programs\MiKTeX\tex/generic/pgf/basiclayer\pgfcor
e.code.tex
Package: pgfcore 2020/01/08 v3.1.5b (3.1.5b)

(C:\Users\mrKC1\AppData\Local\Programs\MiKTeX\tex/generic/pgf/math\pgfmath.code
.tex
(C:\Users\mrKC1\AppData\Local\Programs\MiKTeX\tex/generic/pgf/math\pgfmathcalc.
code.tex
(C:\Users\mrKC1\AppData\Local\Programs\MiKTeX\tex/generic/pgf/math\pgfmathutil.
code.tex)
(C:\Users\mrKC1\AppData\Local\Programs\MiKTeX\tex/generic/pgf/math\pgfmathparse
r.code.tex
\pgfmath@dimen=\dimen149
\pgfmath@count=\count186
\pgfmath@box=\box46
\pgfmath@toks=\toks25
\pgfmath@stack@operand=\toks26
\pgfmath@stack@operation=\toks27
)
(C:\Users\mrKC1\AppData\Local\Programs\MiKTeX\tex/generic/pgf/math\pgfmathfunct
ions.code.tex
(C:\Users\mrKC1\AppData\Local\Programs\MiKTeX\tex/generic/pgf/math\pgfmathfunct
ions.basic.code.tex)
(C:\Users\mrKC1\AppData\Local\Programs\MiKTeX\tex/generic/pgf/math\pgfmathfunct
ions.trigonometric.code.tex)
(C:\Users\mrKC1\AppData\Local\Programs\MiKTeX\tex/generic/pgf/math\pgfmathfunct
ions.random.code.tex)
(C:\Users\mrKC1\AppData\Local\Programs\MiKTeX\tex/generic/pgf/math\pgfmathfunct
ions.comparison.code.tex)
(C:\Users\mrKC1\AppData\Local\Programs\MiKTeX\tex/generic/pgf/math\pgfmathfunct
ions.base.code.tex)
(C:\Users\mrKC1\AppData\Local\Programs\MiKTeX\tex/generic/pgf/math\pgfmathfunct
ions.round.code.tex)
(C:\Users\mrKC1\AppData\Local\Programs\MiKTeX\tex/generic/pgf/math\pgfmathfunct
ions.misc.code.tex)
(C:\Users\mrKC1\AppData\Local\Programs\MiKTeX\tex/generic/pgf/math\pgfmathfunct
ions.integerarithmetics.code.tex)))
(C:\Users\mrKC1\AppData\Local\Programs\MiKTeX\tex/generic/pgf/math\pgfmathfloat
.code.tex
\c@pgfmathroundto@lastzeros=\count187
))
(C:\Users\mrKC1\AppData\Local\Programs\MiKTeX\tex/generic/pgf/math\pgfint.code.
tex)
(C:\Users\mrKC1\AppData\Local\Programs\MiKTeX\tex/generic/pgf/basiclayer\pgfcor
epoints.code.tex
File: pgfcorepoints.code.tex 2020/01/08 v3.1.5b (3.1.5b)
\pgf@picminx=\dimen150
\pgf@picmaxx=\dimen151
\pgf@picminy=\dimen152
\pgf@picmaxy=\dimen153
\pgf@pathminx=\dimen154
\pgf@pathmaxx=\dimen155
\pgf@pathminy=\dimen156
\pgf@pathmaxy=\dimen157
\pgf@xx=\dimen158
\pgf@xy=\dimen159
\pgf@yx=\dimen160
\pgf@yy=\dimen161
\pgf@zx=\dimen162
\pgf@zy=\dimen163
)
(C:\Users\mrKC1\AppData\Local\Programs\MiKTeX\tex/generic/pgf/basiclayer\pgfcor
epathconstruct.code.tex
File: pgfcorepathconstruct.code.tex 2020/01/08 v3.1.5b (3.1.5b)
\pgf@path@lastx=\dimen164
\pgf@path@lasty=\dimen165
)
(C:\Users\mrKC1\AppData\Local\Programs\MiKTeX\tex/generic/pgf/basiclayer\pgfcor
epathusage.code.tex
File: pgfcorepathusage.code.tex 2020/01/08 v3.1.5b (3.1.5b)
\pgf@shorten@end@additional=\dimen166
\pgf@shorten@start@additional=\dimen167
)
(C:\Users\mrKC1\AppData\Local\Programs\MiKTeX\tex/generic/pgf/basiclayer\pgfcor
escopes.code.tex
File: pgfcorescopes.code.tex 2020/01/08 v3.1.5b (3.1.5b)
\pgfpic=\box47
\pgf@hbox=\box48
\pgf@layerbox@main=\box49
\pgf@picture@serial@count=\count188
)
(C:\Users\mrKC1\AppData\Local\Programs\MiKTeX\tex/generic/pgf/basiclayer\pgfcor
egraphicstate.code.tex
File: pgfcoregraphicstate.code.tex 2020/01/08 v3.1.5b (3.1.5b)
\pgflinewidth=\dimen168
)
(C:\Users\mrKC1\AppData\Local\Programs\MiKTeX\tex/generic/pgf/basiclayer\pgfcor
etransformations.code.tex
File: pgfcoretransformations.code.tex 2020/01/08 v3.1.5b (3.1.5b)
\pgf@pt@x=\dimen169
\pgf@pt@y=\dimen170
\pgf@pt@temp=\dimen171
)
(C:\Users\mrKC1\AppData\Local\Programs\MiKTeX\tex/generic/pgf/basiclayer\pgfcor
equick.code.tex
File: pgfcorequick.code.tex 2020/01/08 v3.1.5b (3.1.5b)
)
(C:\Users\mrKC1\AppData\Local\Programs\MiKTeX\tex/generic/pgf/basiclayer\pgfcor
eobjects.code.tex
File: pgfcoreobjects.code.tex 2020/01/08 v3.1.5b (3.1.5b)
)
(C:\Users\mrKC1\AppData\Local\Programs\MiKTeX\tex/generic/pgf/basiclayer\pgfcor
epathprocessing.code.tex
File: pgfcorepathprocessing.code.tex 2020/01/08 v3.1.5b (3.1.5b)
)
(C:\Users\mrKC1\AppData\Local\Programs\MiKTeX\tex/generic/pgf/basiclayer\pgfcor
earrows.code.tex
File: pgfcorearrows.code.tex 2020/01/08 v3.1.5b (3.1.5b)
\pgfarrowsep=\dimen172
)
(C:\Users\mrKC1\AppData\Local\Programs\MiKTeX\tex/generic/pgf/basiclayer\pgfcor
eshade.code.tex
File: pgfcoreshade.code.tex 2020/01/08 v3.1.5b (3.1.5b)
\pgf@max=\dimen173
\pgf@sys@shading@range@num=\count189
\pgf@shadingcount=\count190
)
(C:\Users\mrKC1\AppData\Local\Programs\MiKTeX\tex/generic/pgf/basiclayer\pgfcor
eimage.code.tex
File: pgfcoreimage.code.tex 2020/01/08 v3.1.5b (3.1.5b)

(C:\Users\mrKC1\AppData\Local\Programs\MiKTeX\tex/generic/pgf/basiclayer\pgfcor
eexternal.code.tex
File: pgfcoreexternal.code.tex 2020/01/08 v3.1.5b (3.1.5b)
\pgfexternal@startupbox=\box50
))
(C:\Users\mrKC1\AppData\Local\Programs\MiKTeX\tex/generic/pgf/basiclayer\pgfcor
elayers.code.tex
File: pgfcorelayers.code.tex 2020/01/08 v3.1.5b (3.1.5b)
)
(C:\Users\mrKC1\AppData\Local\Programs\MiKTeX\tex/generic/pgf/basiclayer\pgfcor
etransparency.code.tex
File: pgfcoretransparency.code.tex 2020/01/08 v3.1.5b (3.1.5b)
)
(C:\Users\mrKC1\AppData\Local\Programs\MiKTeX\tex/generic/pgf/basiclayer\pgfcor
epatterns.code.tex
File: pgfcorepatterns.code.tex 2020/01/08 v3.1.5b (3.1.5b)
)
(C:\Users\mrKC1\AppData\Local\Programs\MiKTeX\tex/generic/pgf/basiclayer\pgfcor
erdf.code.tex
File: pgfcorerdf.code.tex 2020/01/08 v3.1.5b (3.1.5b)
)))
(C:\Users\mrKC1\AppData\Local\Programs\MiKTeX\tex/generic/pgf/modules\pgfmodule
shapes.code.tex
File: pgfmoduleshapes.code.tex 2020/01/08 v3.1.5b (3.1.5b)
\pgfnodeparttextbox=\box51
)
(C:\Users\mrKC1\AppData\Local\Programs\MiKTeX\tex/generic/pgf/modules\pgfmodule
plot.code.tex
File: pgfmoduleplot.code.tex 2020/01/08 v3.1.5b (3.1.5b)
)
(C:\Users\mrKC1\AppData\Local\Programs\MiKTeX\tex/latex/pgf/compatibility\pgfco
mp-version-0-65.sty
Package: pgfcomp-version-0-65 2020/01/08 v3.1.5b (3.1.5b)
\pgf@nodesepstart=\dimen174
\pgf@nodesepend=\dimen175
)
(C:\Users\mrKC1\AppData\Local\Programs\MiKTeX\tex/latex/pgf/compatibility\pgfco
mp-version-1-18.sty
Package: pgfcomp-version-1-18 2020/01/08 v3.1.5b (3.1.5b)
))
(C:\Users\mrKC1\AppData\Local\Programs\MiKTeX\tex/latex/pgf/utilities\pgffor.st
y
(C:\Users\mrKC1\AppData\Local\Programs\MiKTeX\tex/latex/pgf/utilities\pgfkeys.s
ty
(C:\Users\mrKC1\AppData\Local\Programs\MiKTeX\tex/generic/pgf/utilities\pgfkeys
.code.tex))
(C:\Users\mrKC1\AppData\Local\Programs\MiKTeX\tex/latex/pgf/math\pgfmath.sty
(C:\Users\mrKC1\AppData\Local\Programs\MiKTeX\tex/generic/pgf/math\pgfmath.code
.tex))
(C:\Users\mrKC1\AppData\Local\Programs\MiKTeX\tex/generic/pgf/utilities\pgffor.
code.tex
Package: pgffor 2020/01/08 v3.1.5b (3.1.5b)

(C:\Users\mrKC1\AppData\Local\Programs\MiKTeX\tex/generic/pgf/math\pgfmath.code
.tex)
\pgffor@iter=\dimen176
\pgffor@skip=\dimen177
\pgffor@stack=\toks28
\pgffor@toks=\toks29
))
(C:\Users\mrKC1\AppData\Local\Programs\MiKTeX\tex/generic/pgf/frontendlayer/tik
z\tikz.code.tex
Package: tikz 2020/01/08 v3.1.5b (3.1.5b)

(C:\Users\mrKC1\AppData\Local\Programs\MiKTeX\tex/generic/pgf/libraries\pgflibr
aryplothandlers.code.tex
File: pgflibraryplothandlers.code.tex 2020/01/08 v3.1.5b (3.1.5b)
\pgf@plot@mark@count=\count191
\pgfplotmarksize=\dimen178
)
\tikz@lastx=\dimen179
\tikz@lasty=\dimen180
\tikz@lastxsaved=\dimen181
\tikz@lastysaved=\dimen182
\tikz@lastmovetox=\dimen183
\tikz@lastmovetoy=\dimen184
\tikzleveldistance=\dimen185
\tikzsiblingdistance=\dimen186
\tikz@figbox=\box52
\tikz@figbox@bg=\box53
\tikz@tempbox=\box54
\tikz@tempbox@bg=\box55
\tikztreelevel=\count192
\tikznumberofchildren=\count193
\tikznumberofcurrentchild=\count194
\tikz@fig@count=\count195

(C:\Users\mrKC1\AppData\Local\Programs\MiKTeX\tex/generic/pgf/modules\pgfmodule
matrix.code.tex
File: pgfmodulematrix.code.tex 2020/01/08 v3.1.5b (3.1.5b)
\pgfmatrixcurrentrow=\count196
\pgfmatrixcurrentcolumn=\count197
\pgf@matrix@numberofcolumns=\count198
)
\tikz@expandcount=\count199

(C:\Users\mrKC1\AppData\Local\Programs\MiKTeX\tex/generic/pgf/frontendlayer/tik
z/libraries\tikzlibrarytopaths.code.tex
File: tikzlibrarytopaths.code.tex 2020/01/08 v3.1.5b (3.1.5b)
)))
(C:\Users\mrKC1\AppData\Local\Programs\MiKTeX\tex/generic/pgf/frontendlayer/tik
z/libraries\tikzlibrarypositioning.code.tex
File: tikzlibrarypositioning.code.tex 2020/01/08 v3.1.5b (3.1.5b)
)
(C:\Users\mrKC1\AppData\Local\Programs\MiKTeX\tex/latex/tools\calc.sty
Package: calc 2017/05/25 v4.3 Infix arithmetic (KKT,FJ)
\calc@Acount=\count266
\calc@Bcount=\count267
\calc@Adimen=\dimen187
\calc@Bdimen=\dimen188
\calc@Askip=\skip51
\calc@Bskip=\skip52
LaTeX Info: Redefining \setlength on input line 80.
LaTeX Info: Redefining \addtolength on input line 81.
\calc@Ccount=\count268
\calc@Cskip=\skip53
)
\c@@todonotes@numberoftodonotes=\count269
)
(C:\Users\mrKC1\AppData\Local\Programs\MiKTeX\tex/latex/l3backend\l3backend-pdf
mode.def
File: l3backend-pdfmode.def 2020-08-07 L3 backend support: PDF mode
\l__kernel_color_stack_int=\count270
\l__pdf_internal_box=\box56
) (ThesisText.aux)
\openout1 = `ThesisText.aux'.

LaTeX Font Info:    Checking defaults for OML/cmm/m/it on input line 11.
LaTeX Font Info:    ... okay on input line 11.
LaTeX Font Info:    Checking defaults for OMS/cmsy/m/n on input line 11.
LaTeX Font Info:    ... okay on input line 11.
LaTeX Font Info:    Checking defaults for OT1/cmr/m/n on input line 11.
LaTeX Font Info:    ... okay on input line 11.
LaTeX Font Info:    Checking defaults for T1/cmr/m/n on input line 11.
LaTeX Font Info:    ... okay on input line 11.
LaTeX Font Info:    Checking defaults for TS1/cmr/m/n on input line 11.
LaTeX Font Info:    ... okay on input line 11.
LaTeX Font Info:    Checking defaults for OMX/cmex/m/n on input line 11.
LaTeX Font Info:    ... okay on input line 11.
LaTeX Font Info:    Checking defaults for U/cmr/m/n on input line 11.
LaTeX Font Info:    ... okay on input line 11.

(C:\Users\mrKC1\AppData\Local\Programs\MiKTeX\tex/context/base/mkii\supp-pdf.mk
ii
[Loading MPS to PDF converter (version 2006.09.02).]
\scratchcounter=\count271
\scratchdimen=\dimen189
\scratchbox=\box57
\nofMPsegments=\count272
\nofMParguments=\count273
\everyMPshowfont=\toks30
\MPscratchCnt=\count274
\MPscratchDim=\dimen190
\MPnumerator=\count275
\makeMPintoPDFobject=\count276
\everyMPtoPDFconversion=\toks31
)
(C:\Users\mrKC1\AppData\Local\Programs\MiKTeX\tex/latex/epstopdf-pkg\epstopdf-b
ase.sty
Package: epstopdf-base 2020-01-24 v2.11 Base part for package epstopdf
Package epstopdf-base Info: Redefining graphics rule for `.eps' on input line 4
85.
) ABD: EveryShipout initializing macros

Package todonotes Warning: The length marginparwidth is less than 2cm and will 
most likely cause issues with the appearance of inserted todonotes. The issue c
an be solved by adding a line like \setlength {\marginparwidth }{2cm} prior to 
loading the todonotes package. on input line 11.

LaTeX Font Info:    External font `cmex10' loaded for size
(Font)              <14.4> on input line 12.
LaTeX Font Info:    External font `cmex10' loaded for size
(Font)              <7> on input line 12.
[1

{C:/Users/mrKC1/AppData/Local/MiKTeX/pdftex/config/pdftex.map}] [1]
(ThesisText.toc
LaTeX Font Info:    External font `cmex10' loaded for size
(Font)              <12> on input line 2.
LaTeX Font Info:    External font `cmex10' loaded for size
(Font)              <8> on input line 2.
LaTeX Font Info:    External font `cmex10' loaded for size
(Font)              <6> on input line 2.
 [1

] [2])
\tf@toc=\write4
\openout4 = `ThesisText.toc'.

 (IntroductionV4.tex [3]
Chapter 1.

Underfull \hbox (badness 10000) in paragraph at lines 8--9

 []


Underfull \hbox (badness 10000) in paragraph at lines 10--11

 []


Underfull \hbox (badness 10000) in paragraph at lines 12--13

 []

[4

]
Underfull \hbox (badness 10000) in paragraph at lines 14--15

 []


Underfull \hbox (badness 10000) in paragraph at lines 16--17

 []


Underfull \hbox (badness 10000) in paragraph at lines 18--19

 []


Overfull \hbox (11.5638pt too wide) in paragraph at lines 20--20
[]\OT1/cmr/bx/n/17.28 Example: Gen-eral pur-pose multi-task clas-
 []


Underfull \hbox (badness 10000) in paragraph at lines 23--24

 []

[5]
Underfull \hbox (badness 10000) in paragraph at lines 31--32

 []


Underfull \hbox (badness 10000) in paragraph at lines 33--34

 []

[6]
Underfull \hbox (badness 10000) in paragraph at lines 35--36

 []


Underfull \hbox (badness 10000) in paragraph at lines 41--42

 []


Underfull \hbox (badness 10000) in paragraph at lines 43--44

 []

[7]
Underfull \hbox (badness 10000) in paragraph at lines 45--46

 []


Overfull \hbox (10.92776pt too wide) in paragraph at lines 47--47
[]\OT1/cmr/bx/n/17.28 Developing Deep Learn-ing Multi-Task Set-
 []


Underfull \hbox (badness 10000) in paragraph at lines 50--51

 []

[8]
Underfull \hbox (badness 10000) in paragraph at lines 52--53

 []


Underfull \hbox (badness 10000) in paragraph at lines 54--55

 []


Underfull \hbox (badness 10000) in paragraph at lines 56--57

 []

[9]
Overfull \hbox (0.61816pt too wide) in paragraph at lines 64--66
\OT1/cmr/m/n/12 the fea-ture ex-trac-tion method, file read-ing method, re-sam-
pling method)
 []


Package natbib Warning: Citation `fonseca2017freesound' on page 10 undefined on
 input line 69.


Package natbib Warning: Citation `piczak2015esc' on page 10 undefined on input 
line 69.


Package natbib Warning: Citation `paper2021tensorflow' on page 10 undefined on 
input line 69.

[10] [11]
Underfull \hbox (badness 10000) in paragraph at lines 111--112

 []

[12]) (RelatedWork.tex [13]
Chapter 2.

Package natbib Warning: Citation `hannun2014deep' on page 14 undefined on input
 line 6.


Package natbib Warning: Citation `abesser2020review' on page 14 undefined on in
put line 6.


Package natbib Warning: Citation `huang2019state' on page 14 undefined on input
 line 6.


Underfull \hbox (badness 10000) in paragraph at lines 6--7

 []


Package natbib Warning: Citation `huang2019state' on page 14 undefined on input
 line 8.


Underfull \hbox (badness 10000) in paragraph at lines 8--9

 []

[14

]
Underfull \hbox (badness 10000) in paragraph at lines 10--11

 []


Underfull \hbox (badness 10000) in paragraph at lines 20--21

 []

[15]
Underfull \hbox (badness 10000) in paragraph at lines 22--23

 []


Underfull \hbox (badness 10000) in paragraph at lines 34--35

 []


Underfull \hbox (badness 10000) in paragraph at lines 36--37

 []

[16]
Underfull \hbox (badness 10000) in paragraph at lines 39--40

 []


Underfull \hbox (badness 10000) in paragraph at lines 42--43

 []

<../../../../Documents/TU Delft/Thesis 2/System Explanation/examplemultihead.dr
awio.png, id=65, 472.76625pt x 812.03375pt>
File: ../../../../Documents/TU Delft/Thesis 2/System Explanation/examplemultihe
ad.drawio.png Graphic file (type png)
<use ../../../../Documents/TU Delft/Thesis 2/System Explanation/examplemultihea
d.drawio.png>
Package pdftex.def Info: ../../../../Documents/TU Delft/Thesis 2/System Explana
tion/examplemultihead.drawio.png  used on input line 47.
(pdftex.def)             Requested size: 117.00119pt x 200.96349pt.

Underfull \hbox (badness 10000) in paragraph at lines 52--53

 []

[17]

Package natbib Warning: Citation `ziaei2013prof' on page 18 undefined on input 
line 64.


Underfull \hbox (badness 10000) in paragraph at lines 64--65

 []

[18 <../../../../Documents/TU Delft/Thesis 2/System Explanation/examplemultihea
d.drawio.png>]
Underfull \hbox (badness 10000) in paragraph at lines 75--75
[]\OT1/cmr/m/n/12 Seltzer and
 []


Underfull \hbox (badness 10000) in paragraph at lines 76--76
[]\OT1/cmr/m/n/12 Panchapagesan
 []


Underfull \hbox (badness 10000) in paragraph at lines 77--77
[]\OT1/cmr/m/n/12 Sakti et al.
 []


Underfull \hbox (badness 4416) in paragraph at lines 77--77
[]\OT1/cmr/m/n/12 Automatic Speech Recog-ni-tion; Acous-tic
 []


Underfull \hbox (badness 10000) in paragraph at lines 78--78
[]\OT1/cmr/m/n/12 Georgiev
 []


Underfull \hbox (badness 10000) in paragraph at lines 78--78
\OT1/cmr/m/n/12 [2017]
 []


Underfull \hbox (badness 10000) in paragraph at lines 78--78
\OT1/cmr/m/n/12 Georgiev
 []


Underfull \hbox (badness 10000) in paragraph at lines 79--79
[]\OT1/cmr/m/n/12 Kim et al.
 []


Underfull \hbox (badness 10000) in paragraph at lines 80--80
[]\OT1/cmr/m/n/12 Nwe et al.
 []


Underfull \hbox (badness 10000) in paragraph at lines 81--81
[]\OT1/cmr/m/n/12 Phan et al.
 []


Underfull \hbox (badness 10000) in paragraph at lines 82--82
[]\OT1/cmr/m/n/12 Sun et al.
 []


Underfull \hbox (badness 1406) in paragraph at lines 83--83
[]\OT1/cmr/m/n/12 Kremer et al.
 []


Underfull \hbox (badness 10000) in paragraph at lines 84--84
[]\OT1/cmr/m/n/12 Morfi and
 []


Underfull \hbox (badness 10000) in paragraph at lines 86--86
[]\OT1/cmr/m/n/12 Lopez-Espejo
 []


Underfull \hbox (badness 10000) in paragraph at lines 86--86
[]\OT1/cmr/m/n/12 Keyword Spot-ting; Own-voice/External
 []


Overfull \hbox (36.0pt too wide) in paragraph at lines 69--90
 [][] 
 []


Underfull \hbox (badness 10000) in paragraph at lines 100--100
[]\OT1/cmr/m/n/12 Pankajakshan
 []


Underfull \hbox (badness 10000) in paragraph at lines 101--101
[]\OT1/cmr/m/n/12 Phan et al.
 []


Underfull \hbox (badness 1264) in paragraph at lines 102--102
[]\OT1/cmr/m/n/12 Tonami et al.
 []


Underfull \hbox (badness 10000) in paragraph at lines 102--102
[]\OT1/cmr/m/n/12 CRNN for
 []


Underfull \hbox (badness 10000) in paragraph at lines 103--103
[]\OT1/cmr/m/n/12 Xia et al.
 []


Underfull \hbox (badness 1540) in paragraph at lines 103--103
\OT1/cmr/m/n/12 ging); Pre-dict frame po-si-tion in-for-ma-tion
 []


Underfull \hbox (badness 10000) in paragraph at lines 105--105
[]\OT1/cmr/m/n/12 Zeng et al.
 []


Underfull \hbox (badness 10000) in paragraph at lines 106--106
[]\OT1/cmr/m/n/12 Zeng et al.
 []


Underfull \hbox (badness 10000) in paragraph at lines 107--107
[]\OT1/cmr/m/n/12 Abrol and
 []


Underfull \hbox (badness 10000) in paragraph at lines 108--108
[]\OT1/cmr/m/n/12 Deshmukh
 []


Underfull \hbox (badness 4913) in paragraph at lines 110--110
[]\OT1/cmr/m/n/12 Huang et al.
 []


Underfull \hbox (badness 10000) in paragraph at lines 110--110
[]\OT1/cmr/m/n/12 CNN PT/PS
 []


Underfull \hbox (badness 4913) in paragraph at lines 111--111
[]\OT1/cmr/m/n/12 Huang et al.
 []


Underfull \hbox (badness 10000) in paragraph at lines 112--112
[]\OT1/cmr/m/n/12 Imoto et al.
 []


Underfull \hbox (badness 10000) in paragraph at lines 113--113
[]\OT1/cmr/m/n/12 Jung et al.
 []


Overfull \hbox (36.0pt too wide) in paragraph at lines 95--117
 [][] 
 []


Underfull \hbox (badness 10000) in paragraph at lines 128--128
[]\OT1/cmr/m/n/12 Tagliasacchi
 []


Underfull \hbox (badness 1789) in paragraph at lines 128--128
[]\OT1/cmr/m/n/12 Keyword Spot-ting; Speaker Iden-ti-fi-ca-tion;
 []


Underfull \hbox (badness 3049) in paragraph at lines 128--128
\OT1/cmr/m/n/12 si-fi-ca-tion; Bird Au-dio De-tec-tion; Ur-ban
 []


Overfull \hbox (36.0pt too wide) in paragraph at lines 122--134
 [][] 
 []


Underfull \hbox (badness 10000) in paragraph at lines 136--137

 []


Underfull \hbox (badness 10000) in paragraph at lines 138--139

 []

[19]
Underfull \hbox (badness 10000) in paragraph at lines 140--141

 []


Overfull \hbox (3.12pt too wide) in paragraph at lines 143--144
[]\OT1/cmr/bx/n/12 Multi-Task Speech Recog-ni-tion Tasks. \OT1/cmr/m/n/12 For A
u-to-matic Speech Recog-
 []


Underfull \hbox (badness 10000) in paragraph at lines 143--144

 []


Underfull \hbox (badness 10000) in paragraph at lines 145--146

 []


Underfull \hbox (badness 10000) in paragraph at lines 147--148

 []


Underfull \hbox (badness 10000) in paragraph at lines 149--150

 []

[20]
Underfull \hbox (badness 10000) in paragraph at lines 151--152

 []


Underfull \hbox (badness 10000) in paragraph at lines 153--154

 []


Underfull \hbox (badness 10000) in paragraph at lines 156--157

 []

[21]
Underfull \hbox (badness 10000) in paragraph at lines 158--159

 []


Underfull \hbox (badness 10000) in paragraph at lines 161--162

 []


Underfull \hbox (badness 10000) in paragraph at lines 163--164

 []

[22]
Underfull \hbox (badness 10000) in paragraph at lines 165--166

 []


Underfull \hbox (badness 10000) in paragraph at lines 168--169

 []

[23]
Underfull \hbox (badness 10000) in paragraph at lines 170--171

 []


Underfull \hbox (badness 10000) in paragraph at lines 172--173

 []


Underfull \hbox (badness 10000) in paragraph at lines 174--175

 []


Underfull \hbox (badness 10000) in paragraph at lines 177--178

 []


Underfull \hbox (badness 10000) in paragraph at lines 179--180

 []

[24]
Underfull \hbox (badness 10000) in paragraph at lines 181--182

 []


Underfull \hbox (badness 10000) in paragraph at lines 183--184

 []


Underfull \hbox (badness 10000) in paragraph at lines 185--186

 []


Underfull \hbox (badness 10000) in paragraph at lines 194--195

 []

[25]
Underfull \hbox (badness 10000) in paragraph at lines 196--197

 []

<../../../../Documents/TU Delft/Thesis 2/System Explanation/BlackBox.png, id=97
, 117.43875pt x 94.10156pt>
File: ../../../../Documents/TU Delft/Thesis 2/System Explanation/BlackBox.png G
raphic file (type png)
<use ../../../../Documents/TU Delft/Thesis 2/System Explanation/BlackBox.png>
Package pdftex.def Info: ../../../../Documents/TU Delft/Thesis 2/System Explana
tion/BlackBox.png  used on input line 200.
(pdftex.def)             Requested size: 191.10214pt x 153.12714pt.
<../../../../Documents/TU Delft/Thesis 2/System Explanation/WhiteBox.png, id=98
, 100.12407pt x 91.84312pt>
File: ../../../../Documents/TU Delft/Thesis 2/System Explanation/WhiteBox.png G
raphic file (type png)
<use ../../../../Documents/TU Delft/Thesis 2/System Explanation/WhiteBox.png>
Package pdftex.def Info: ../../../../Documents/TU Delft/Thesis 2/System Explana
tion/WhiteBox.png  used on input line 201.
(pdftex.def)             Requested size: 191.10214pt x 175.32072pt.

Underfull \hbox (badness 10000) in paragraph at lines 205--206

 []

[26 <../../../../Documents/TU Delft/Thesis 2/System Explanation/BlackBox.png> <
../../../../Documents/TU Delft/Thesis 2/System Explanation/WhiteBox.png>]
Underfull \hbox (badness 10000) in paragraph at lines 216--217

 []


Underfull \hbox (badness 10000) in paragraph at lines 218--219

 []


Package natbib Warning: Citation `dong2017tensorlayer' on page 27 undefined on 
input line 220.


Package natbib Warning: Citation `tokui2019chainer' on page 27 undefined on inp
ut line 220.


Package natbib Warning: Citation `chen2019selene' on page 27 undefined on input
 line 220.


Package natbib Warning: Citation `tensorflow' on page 27 undefined on input lin
e 220.


Package natbib Warning: Citation `nguyen2019machine' on page 27 undefined on in
put line 220.


Package natbib Warning: Citation `dong2017tensorlayer' on page 27 undefined on 
input line 220.


Underfull \hbox (badness 10000) in paragraph at lines 220--221

 []

[27]

Package natbib Warning: Citation `chen2019selene' on page 28 undefined on input
 line 222.


Underfull \hbox (badness 10000) in paragraph at lines 222--223

 []


Package natbib Warning: Citation `tokui2019chainer' on page 28 undefined on inp
ut line 224.


Underfull \hbox (badness 10000) in paragraph at lines 224--225

 []

[28]

Package natbib Warning: Citation `dong2017tensorlayer' on page 29 undefined on 
input line 226.


Package natbib Warning: Citation `tokui2019chainer' on page 29 undefined on inp
ut line 226.


Package natbib Warning: Citation `chen2019selene' on page 29 undefined on input
 line 226.


Underfull \hbox (badness 10000) in paragraph at lines 226--227

 []


Underfull \hbox (badness 10000) in paragraph at lines 229--230

 []


Underfull \hbox (badness 10000) in paragraph at lines 231--232

 []

) (ProblemStatement.tex [29] [30] [31] [32]
Chapter 3.

Underfull \hbox (badness 10000) in paragraph at lines 13--14

 []

[33

]
Underfull \hbox (badness 10000) in paragraph at lines 15--16

 []


Underfull \hbox (badness 10000) in paragraph at lines 17--18

 []


Underfull \hbox (badness 10000) in paragraph at lines 22--23

 []


Underfull \hbox (badness 10000) in paragraph at lines 24--25

 []

[34]
Underfull \hbox (badness 10000) in paragraph at lines 34--35

 []


Underfull \hbox (badness 10000) in paragraph at lines 36--37

 []

[35] [36]
Underfull \hbox (badness 10000) in paragraph at lines 65--66

 []


Underfull \hbox (badness 10000) in paragraph at lines 67--68

 []


Underfull \hbox (badness 10000) in paragraph at lines 69--70

 []

[37]
Underfull \hbox (badness 10000) in paragraph at lines 71--72

 []


Underfull \hbox (badness 10000) in paragraph at lines 73--74

 []


Underfull \hbox (badness 10000) in paragraph at lines 75--76

 []


Underfull \hbox (badness 10000) in paragraph at lines 77--78

 []


Underfull \hbox (badness 10000) in paragraph at lines 79--80

 []

[38] [39]
Overfull \hbox (4.46951pt too wide) in paragraph at lines 101--102
[]\OT1/cmr/m/n/12 The func-tional re-quire-ments will be grouped along the step
s in the pipeline,
 []


Underfull \hbox (badness 10000) in paragraph at lines 101--102

 []

[40] [41] [42] [43]) (Model.tex [44]
Chapter 4.

Underfull \hbox (badness 10000) in paragraph at lines 14--15

 []


Overfull \hbox (1.98898pt too wide) in paragraph at lines 16--17
\OT1/cmr/m/n/12 the fo-cus will be on pro-vid-ing ab-strac-tions cut-ting ef-fo
rt of com-bin-ing datasets
 []


Underfull \hbox (badness 10000) in paragraph at lines 16--17

 []

[45

]
Underfull \hbox (badness 10000) in paragraph at lines 18--19

 []

<../../../../Documents/TU Delft/Thesis 2/System Explanation/CompleteSystemDiagr
am.png, id=165, 2271.48625pt x 1262.7175pt>
File: ../../../../Documents/TU Delft/Thesis 2/System Explanation/CompleteSystem
Diagram.png Graphic file (type png)
<use ../../../../Documents/TU Delft/Thesis 2/System Explanation/CompleteSystemD
iagram.png>
Package pdftex.def Info: ../../../../Documents/TU Delft/Thesis 2/System Explana
tion/CompleteSystemDiagram.png  used on input line 24.
(pdftex.def)             Requested size: 390.0pt x 216.79782pt.

Underfull \hbox (badness 10000) in paragraph at lines 29--30

 []

[46 <../../../../Documents/TU Delft/Thesis 2/System Explanation/CompleteSystemD
iagram.png>]
Underfull \hbox (badness 10000) in paragraph at lines 42--43

 []


Underfull \hbox (badness 10000) in paragraph at lines 44--45

 []

[47]
Underfull \hbox (badness 10000) in paragraph at lines 46--47

 []


Underfull \hbox (badness 10000) in paragraph at lines 48--49

 []

<../../../../Documents/TU Delft/Thesis 2/System Explanation/CompletePatternDiag
ram.png, id=174, 2271.48625pt x 1259.70625pt>
File: ../../../../Documents/TU Delft/Thesis 2/System Explanation/CompletePatter
nDiagram.png Graphic file (type png)
<use ../../../../Documents/TU Delft/Thesis 2/System Explanation/CompletePattern
Diagram.png>
Package pdftex.def Info: ../../../../Documents/TU Delft/Thesis 2/System Explana
tion/CompletePatternDiagram.png  used on input line 52.
(pdftex.def)             Requested size: 390.0pt x 216.28082pt.

Underfull \hbox (badness 10000) in paragraph at lines 57--58

 []


Underfull \hbox (badness 10000) in paragraph at lines 59--60

 []

[48]
Underfull \hbox (badness 10000) in paragraph at lines 61--62

 []

[49 <../../../../Documents/TU Delft/Thesis 2/System Explanation/CompletePattern
Diagram.png>]
Underfull \hbox (badness 10000) in paragraph at lines 79--80

 []


Underfull \hbox (badness 10000) in paragraph at lines 82--83

 []


Underfull \hbox (badness 10000) in paragraph at lines 84--85

 []

[50]
Underfull \hbox (badness 10000) in paragraph at lines 86--87

 []


Underfull \hbox (badness 10000) in paragraph at lines 88--89

 []


Underfull \hbox (badness 10000) in paragraph at lines 93--94

 []

[51]
Underfull \hbox (badness 10000) in paragraph at lines 95--96

 []


Underfull \hbox (badness 10000) in paragraph at lines 97--98

 []


Underfull \hbox (badness 10000) in paragraph at lines 99--100

 []


Underfull \hbox (badness 10000) in paragraph at lines 104--105

 []

[52]
Underfull \hbox (badness 10000) in paragraph at lines 106--107

 []


Underfull \hbox (badness 10000) in paragraph at lines 108--109

 []


Underfull \hbox (badness 10000) in paragraph at lines 110--111

 []


Underfull \hbox (badness 10000) in paragraph at lines 112--113

 []

[53]
Underfull \hbox (badness 10000) in paragraph at lines 114--115

 []


Underfull \hbox (badness 10000) in paragraph at lines 116--117

 []


Underfull \hbox (badness 10000) in paragraph at lines 118--119

 []

[54]
Underfull \hbox (badness 10000) in paragraph at lines 124--125

 []

<../../../../Documents/TU Delft/Thesis 2/System Explanation/SequenceDiagram.png
, id=198, 1416.29124pt x 804.00375pt>
File: ../../../../Documents/TU Delft/Thesis 2/System Explanation/SequenceDiagra
m.png Graphic file (type png)
<use ../../../../Documents/TU Delft/Thesis 2/System Explanation/SequenceDiagram
.png>
Package pdftex.def Info: ../../../../Documents/TU Delft/Thesis 2/System Explana
tion/SequenceDiagram.png  used on input line 128.
(pdftex.def)             Requested size: 390.0pt x 221.39001pt.

Underfull \hbox (badness 10000) in paragraph at lines 133--134

 []

[55 <../../../../Documents/TU Delft/Thesis 2/System Explanation/SequenceDiagram
.png>]
Underfull \hbox (badness 10000) in paragraph at lines 135--136

 []


Underfull \hbox (badness 10000) in paragraph at lines 139--141

 []


Underfull \hbox (badness 10000) in paragraph at lines 145--146

 []

[56]
Underfull \hbox (badness 10000) in paragraph at lines 147--148

 []


Underfull \hbox (badness 10000) in paragraph at lines 149--150

 []


Underfull \hbox (badness 10000) in paragraph at lines 151--152

 []


Underfull \hbox (badness 10000) in paragraph at lines 153--154

 []

[57]
Underfull \hbox (badness 10000) in paragraph at lines 157--158

 []


Underfull \hbox (badness 10000) in paragraph at lines 159--160

 []


Underfull \hbox (badness 10000) in paragraph at lines 161--162

 []


Underfull \hbox (badness 10000) in paragraph at lines 163--164

 []


Underfull \hbox (badness 10000) in paragraph at lines 165--166

 []

[58]
Underfull \hbox (badness 10000) in paragraph at lines 170--171

 []


Underfull \hbox (badness 10000) in paragraph at lines 172--173

 []


Overfull \hbox (12.76404pt too wide) in paragraph at lines 174--175
\OT1/cmr/m/n/12 TODO: REF-ER-ENCE for the Speaker Iden-ti-fi-ca-tion task, the 
Ravdess database
 []


Underfull \hbox (badness 10000) in paragraph at lines 174--175

 []


Underfull \hbox (badness 10000) in paragraph at lines 176--177

 []

[59]
<../../../../Documents/TU Delft/Thesis 2/System Explanation/GeorgievModel.png, 
id=216, 436.63126pt x 274.77657pt>
File: ../../../../Documents/TU Delft/Thesis 2/System Explanation/GeorgievModel.
png Graphic file (type png)
<use ../../../../Documents/TU Delft/Thesis 2/System Explanation/GeorgievModel.p
ng>
Package pdftex.def Info: ../../../../Documents/TU Delft/Thesis 2/System Explana
tion/GeorgievModel.png  used on input line 181.
(pdftex.def)             Requested size: 390.0pt x 245.43083pt.

Underfull \hbox (badness 10000) in paragraph at lines 186--187

 []

[60 <../../../../Documents/TU Delft/Thesis 2/System Explanation/GeorgievModel.p
ng>]
<../../../../Documents/TU Delft/Thesis 2/System Explanation/GeorgievObjectModel
1.png, id=221, 1175.39125pt x 1384.17125pt>
File: ../../../../Documents/TU Delft/Thesis 2/System Explanation/GeorgievObject
Model1.png Graphic file (type png)
<use ../../../../Documents/TU Delft/Thesis 2/System Explanation/GeorgievObjectM
odel1.png>
Package pdftex.def Info: ../../../../Documents/TU Delft/Thesis 2/System Explana
tion/GeorgievObjectModel1.png  used on input line 203.
(pdftex.def)             Requested size: 390.0pt x 459.27017pt.
<../../../../Documents/TU Delft/Thesis 2/System Explanation/GeorgievObjectModel
2.png, id=222, 2018.54124pt x 1877.0125pt>
File: ../../../../Documents/TU Delft/Thesis 2/System Explanation/GeorgievObject
Model2.png Graphic file (type png)
<use ../../../../Documents/TU Delft/Thesis 2/System Explanation/GeorgievObjectM
odel2.png>
Package pdftex.def Info: ../../../../Documents/TU Delft/Thesis 2/System Explana
tion/GeorgievObjectModel2.png  used on input line 210.
(pdftex.def)             Requested size: 390.0pt x 362.65067pt.

Underfull \hbox (badness 10000) in paragraph at lines 216--217

 []

[61] [62 <../../../../Documents/TU Delft/Thesis 2/System Explanation/GeorgievOb
jectModel1.png>] [63 <../../../../Documents/TU Delft/Thesis 2/System Explanatio
n/GeorgievObjectModel2.png>]
Underfull \hbox (badness 10000) in paragraph at lines 218--219

 []


Underfull \hbox (badness 10000) in paragraph at lines 220--221

 []


Underfull \hbox (badness 10000) in paragraph at lines 223--224

 []


Underfull \hbox (badness 10000) in paragraph at lines 225--226

 []

[64]
Underfull \hbox (badness 10000) in paragraph at lines 237--238

 []


Underfull \hbox (badness 10000) in paragraph at lines 239--240

 []

[65]) (Implementation.tex [66]
Chapter 5.
<../../../../Documents/TU Delft/Thesis 2/System Explanation/SimplifiedOverview.
png, id=244, 1215.54124pt x 452.69125pt>
File: ../../../../Documents/TU Delft/Thesis 2/System Explanation/SimplifiedOver
view.png Graphic file (type png)
<use ../../../../Documents/TU Delft/Thesis 2/System Explanation/SimplifiedOverv
iew.png>
Package pdftex.def Info: ../../../../Documents/TU Delft/Thesis 2/System Explana
tion/SimplifiedOverview.png  used on input line 14.
(pdftex.def)             Requested size: 390.0pt x 145.24406pt.

Underfull \hbox (badness 10000) in paragraph at lines 19--20

 []


Underfull \hbox (badness 10000) in paragraph at lines 26--27

 []

[67

]
Underfull \hbox (badness 10000) in paragraph at lines 30--31

 []

[68 <../../../../Documents/TU Delft/Thesis 2/System Explanation/SimplifiedOverv
iew.png>]
Underfull \hbox (badness 10000) in paragraph at lines 32--33

 []


Overfull \hbox (1.43205pt too wide) in paragraph at lines 34--35
[]\OT1/cmr/m/n/12 Further fac-tors the data struc-ture can au-to-mat-i-cally de
al with are datasets
 []


Underfull \hbox (badness 10000) in paragraph at lines 34--35

 []


Underfull \hbox (badness 10000) in paragraph at lines 36--37

 []

[69]
<../../../../Documents/TU Delft/Thesis 2/System Explanation/DataReadingFlow.png
, id=255, 308.65312pt x 558.58687pt>
File: ../../../../Documents/TU Delft/Thesis 2/System Explanation/DataReadingFlo
w.png Graphic file (type png)
<use ../../../../Documents/TU Delft/Thesis 2/System Explanation/DataReadingFlow
.png>
Package pdftex.def Info: ../../../../Documents/TU Delft/Thesis 2/System Explana
tion/DataReadingFlow.png  used on input line 45.
(pdftex.def)             Requested size: 195.0pt x 352.90883pt.
<../../../../Documents/TU Delft/Thesis 2/System Explanation/DataReaderSnip.png,
 id=256, 545.78906pt x 392.21532pt>
File: ../../../../Documents/TU Delft/Thesis 2/System Explanation/DataReaderSnip
.png Graphic file (type png)
<use ../../../../Documents/TU Delft/Thesis 2/System Explanation/DataReaderSnip.
png>
Package pdftex.def Info: ../../../../Documents/TU Delft/Thesis 2/System Explana
tion/DataReaderSnip.png  used on input line 52.
(pdftex.def)             Requested size: 390.0pt x 280.26425pt.
 [70] [71 <../../../../Documents/TU Delft/Thesis 2/System Explanation/DataReadi
ngFlow.png>] [72 <../../../../Documents/TU Delft/Thesis 2/System Explanation/Da
taReaderSnip.png>]
<../../../../Documents/TU Delft/Thesis 2/System Explanation/ExtractionMethodSni
p.png, id=269, 717.43031pt x 199.49532pt>
File: ../../../../Documents/TU Delft/Thesis 2/System Explanation/ExtractionMeth
odSnip.png Graphic file (type png)
<use ../../../../Documents/TU Delft/Thesis 2/System Explanation/ExtractionMetho
dSnip.png>
Package pdftex.def Info: ../../../../Documents/TU Delft/Thesis 2/System Explana
tion/ExtractionMethodSnip.png  used on input line 68.
(pdftex.def)             Requested size: 390.0pt x 108.45033pt.

Underfull \hbox (badness 10000) in paragraph at lines 79--80

 []


Underfull \hbox (badness 10000) in paragraph at lines 81--82

 []

[73 <../../../../Documents/TU Delft/Thesis 2/System Explanation/ExtractionMetho
dSnip.png>]
Underfull \hbox (badness 10000) in paragraph at lines 83--84

 []


Underfull \hbox (badness 10000) in paragraph at lines 85--86

 []


LaTeX Warning: Reference `fig:taskdataset-structure' on page 74 undefined on in
put line 87.


Underfull \hbox (badness 10000) in paragraph at lines 87--88

 []


Underfull \hbox (badness 10000) in paragraph at lines 90--91

 []

[74]
Underfull \hbox (badness 10000) in paragraph at lines 94--95

 []

<../../../../Documents/TU Delft/Thesis 2/System Explanation/TaskDatasetAddInput
sSnip.png, id=277, 698.61pt x 198.7425pt>
File: ../../../../Documents/TU Delft/Thesis 2/System Explanation/TaskDatasetAdd
InputsSnip.png Graphic file (type png)
<use ../../../../Documents/TU Delft/Thesis 2/System Explanation/TaskDatasetAddI
nputsSnip.png>
Package pdftex.def Info: ../../../../Documents/TU Delft/Thesis 2/System Explana
tion/TaskDatasetAddInputsSnip.png  used on input line 99.
(pdftex.def)             Requested size: 390.0pt x 110.94931pt.
<../../../../Documents/TU Delft/Thesis 2/System Explanation/TaskDatasetAddTarge
tsSnip.png, id=278, 644.4075pt x 279.29344pt>
File: ../../../../Documents/TU Delft/Thesis 2/System Explanation/TaskDatasetAdd
TargetsSnip.png Graphic file (type png)
<use ../../../../Documents/TU Delft/Thesis 2/System Explanation/TaskDatasetAddT
argetsSnip.png>
Package pdftex.def Info: ../../../../Documents/TU Delft/Thesis 2/System Explana
tion/TaskDatasetAddTargetsSnip.png  used on input line 106.
(pdftex.def)             Requested size: 390.0pt x 169.03484pt.

Underfull \hbox (badness 10000) in paragraph at lines 119--120

 []


Underfull \hbox (badness 10000) in paragraph at lines 123--124

 []

[75 <../../../../Documents/TU Delft/Thesis 2/System Explanation/TaskDatasetAddI
nputsSnip.png>]
Underfull \hbox (badness 10000) in paragraph at lines 125--126

 []


Underfull \hbox (badness 10000) in paragraph at lines 127--128

 []

[76 <../../../../Documents/TU Delft/Thesis 2/System Explanation/TaskDatasetAddT
argetsSnip.png>]
Underfull \hbox (badness 10000) in paragraph at lines 129--130

 []


Underfull \hbox (badness 10000) in paragraph at lines 131--132

 []


LaTeX Warning: Reference `fig:taskdataset-structure' on page 77 undefined on in
put line 138.


Underfull \hbox (badness 10000) in paragraph at lines 138--139

 []

[77]
Underfull \hbox (badness 10000) in paragraph at lines 140--142

 []


Underfull \hbox (badness 10000) in paragraph at lines 145--146

 []


Underfull \hbox (badness 10000) in paragraph at lines 147--148

 []

[78]
Underfull \hbox (badness 10000) in paragraph at lines 151--152

 []


Underfull \hbox (badness 10000) in paragraph at lines 153--154

 []


Underfull \hbox (badness 10000) in paragraph at lines 155--156

 []

[79]
Underfull \hbox (badness 10000) in paragraph at lines 157--158

 []


Underfull \hbox (badness 10000) in paragraph at lines 161--162

 []


Underfull \hbox (badness 10000) in paragraph at lines 166--167

 []


Underfull \hbox (badness 10000) in paragraph at lines 168--169

 []

[80]
Underfull \hbox (badness 10000) in paragraph at lines 170--171

 []

<../../../../Documents/TU Delft/Thesis 2/System Explanation/TrainingSetCreatorO
perationsSnip.png, id=300, 649.67719pt x 328.97906pt>
File: ../../../../Documents/TU Delft/Thesis 2/System Explanation/TrainingSetCre
atorOperationsSnip.png Graphic file (type png)
<use ../../../../Documents/TU Delft/Thesis 2/System Explanation/TrainingSetCrea
torOperationsSnip.png>
Package pdftex.def Info: ../../../../Documents/TU Delft/Thesis 2/System Explana
tion/TrainingSetCreatorOperationsSnip.png  used on input line 177.
(pdftex.def)             Requested size: 390.0pt x 197.48935pt.
<../../../../Documents/TU Delft/Thesis 2/System Explanation/TrainingSetExecutio
nExampleSnip.png, id=301, 679.03688pt x 121.20282pt>
File: ../../../../Documents/TU Delft/Thesis 2/System Explanation/TrainingSetExe
cutionExampleSnip.png Graphic file (type png)
<use ../../../../Documents/TU Delft/Thesis 2/System Explanation/TrainingSetExec
utionExampleSnip.png>
Package pdftex.def Info: ../../../../Documents/TU Delft/Thesis 2/System Explana
tion/TrainingSetExecutionExampleSnip.png  used on input line 184.
(pdftex.def)             Requested size: 390.0pt x 69.61154pt.

Underfull \hbox (badness 10000) in paragraph at lines 192--193

 []

[81 <../../../../Documents/TU Delft/Thesis 2/System Explanation/TrainingSetCrea
torOperationsSnip.png>]
Underfull \hbox (badness 10000) in paragraph at lines 196--197

 []


Underfull \hbox (badness 10000) in paragraph at lines 198--199

 []

<../../../../Documents/TU Delft/Thesis 2/System Explanation/completeTrainingSni
p.png, id=306, 680.5425pt x 534.49687pt>
File: ../../../../Documents/TU Delft/Thesis 2/System Explanation/completeTraini
ngSnip.png Graphic file (type png)
<use ../../../../Documents/TU Delft/Thesis 2/System Explanation/completeTrainin
gSnip.png>
Package pdftex.def Info: ../../../../Documents/TU Delft/Thesis 2/System Explana
tion/completeTrainingSnip.png  used on input line 202.
(pdftex.def)             Requested size: 390.0pt x 306.30568pt.
[82 <../../../../Documents/TU Delft/Thesis 2/System Explanation/TrainingSetExec
utionExampleSnip.png>]
Underfull \hbox (badness 10000) in paragraph at lines 209--210

 []


Underfull \hbox (badness 10000) in paragraph at lines 211--212

 []

[83 <../../../../Documents/TU Delft/Thesis 2/System Explanation/completeTrainin
gSnip.png>]
Underfull \hbox (badness 10000) in paragraph at lines 213--214

 []


Underfull \hbox (badness 10000) in paragraph at lines 215--216

 []


Underfull \hbox (badness 10000) in paragraph at lines 217--218

 []

[84]
Underfull \hbox (badness 10000) in paragraph at lines 219--220

 []


Underfull \hbox (badness 10000) in paragraph at lines 223--224

 []


Underfull \hbox (badness 10000) in paragraph at lines 227--228

 []

[85]
Underfull \hbox (badness 10000) in paragraph at lines 229--230

 []


Underfull \hbox (badness 10000) in paragraph at lines 231--232

 []


Underfull \hbox (badness 10000) in paragraph at lines 235--236

 []


Underfull \hbox (badness 10000) in paragraph at lines 239--240

 []

[86]
Underfull \hbox (badness 10000) in paragraph at lines 241--242

 []


Underfull \hbox (badness 10000) in paragraph at lines 245--246

 []

[87]
Underfull \hbox (badness 10000) in paragraph at lines 247--248

 []


Underfull \hbox (badness 10000) in paragraph at lines 251--252

 []


Underfull \hbox (badness 10000) in paragraph at lines 253--254

 []


Underfull \hbox (badness 10000) in paragraph at lines 255--256

 []

[88]
Underfull \hbox (badness 10000) in paragraph at lines 267--268

 []

[89]
Underfull \hbox (badness 10000) in paragraph at lines 276--277

 []


Underfull \hbox (badness 10000) in paragraph at lines 278--279

 []


Underfull \hbox (badness 10000) in paragraph at lines 282--283

 []

[90]
Overfull \hbox (2.57825pt too wide) in paragraph at lines 284--285
\OT1/cmr/m/n/12 The \OT1/cmr/bx/n/12 Hold-Task-Dataset\OT1/cmr/m/n/12 , \OT1/cm
r/bx/n/12 Train-Task-Dataset \OT1/cmr/m/n/12 and \OT1/cmr/bx/n/12 Test-Task-Dat
aset \OT1/cmr/m/n/12 classes
 []


Underfull \hbox (badness 10000) in paragraph at lines 284--285

 []


Underfull \hbox (badness 10000) in paragraph at lines 286--287

 []


Underfull \hbox (badness 10000) in paragraph at lines 288--289

 []

[91]
Underfull \hbox (badness 10000) in paragraph at lines 292--293

 []


Underfull \hbox (badness 10000) in paragraph at lines 296--297

 []


Overfull \hbox (3.15048pt too wide) in paragraph at lines 298--299
\OT1/cmr/bx/n/12 ingSetCre-ator\OT1/cmr/m/n/12 . The Con-cat-Train-ingSetCre-at
or just cre-ates Train-ingSetCre-
 []


Underfull \hbox (badness 10000) in paragraph at lines 298--299

 []

[92]
Underfull \hbox (badness 10000) in paragraph at lines 300--301

 []

[93]) (EvaluationV2.tex [94]
Chapter 6.

Underfull \hbox (badness 4279) in paragraph at lines 22--22
[]\OT1/cmr/m/n/12 Data Read-ing
 []


Underfull \hbox (badness 5622) in paragraph at lines 22--22
[]\OT1/cmr/m/n/12 Data Load-ing
 []


Underfull \hbox (badness 10000) in paragraph at lines 25--25
[]\OT1/cmr/m/n/12 Park et al.
 []


Underfull \hbox (badness 10000) in paragraph at lines 26--26
[]\OT1/cmr/m/n/12 Park et al.
 []


Underfull \hbox (badness 10000) in paragraph at lines 28--28
[]\OT1/cmr/m/n/12 4 +46
 []


Underfull \hbox (badness 10000) in paragraph at lines 31--31
[]\OT1/cmr/m/n/12 Own Ex-per-i-
 []


Overfull \hbox (59.99405pt too wide) in paragraph at lines 20--34
 [][] 
 []


Underfull \hbox (badness 10000) in paragraph at lines 36--37

 []

[95

]
Underfull \hbox (badness 10000) in paragraph at lines 38--39

 []

[96]
Underfull \hbox (badness 10000) in paragraph at lines 40--41

 []


LaTeX Warning: Reference `table:metric' on page 97 undefined on input line 42.


Underfull \hbox (badness 10000) in paragraph at lines 42--43

 []


Underfull \hbox (badness 10000) in paragraph at lines 44--45

 []


Underfull \hbox (badness 10000) in paragraph at lines 46--47

 []

[97]
Underfull \hbox (badness 10000) in paragraph at lines 48--49

 []


Underfull \hbox (badness 10000) in paragraph at lines 50--51

 []

[98]
Underfull \hbox (badness 10000) in paragraph at lines 52--53

 []

<screenshot005.png, id=363, 706.89093pt x 478.78876pt>
File: screenshot005.png Graphic file (type png)
<use screenshot005.png>
Package pdftex.def Info: screenshot005.png  used on input line 57.
(pdftex.def)             Requested size: 390.0pt x 264.15286pt.

Underfull \hbox (badness 10000) in paragraph at lines 63--64

 []

[99] [100 <./screenshot005.png>]
Underfull \hbox (badness 10000) in paragraph at lines 65--66

 []


Underfull \hbox (badness 10000) in paragraph at lines 67--68

 []

<screenshot002.png, id=371, 684.30656pt x 435.12563pt>
File: screenshot002.png Graphic file (type png)
<use screenshot002.png>
Package pdftex.def Info: screenshot002.png  used on input line 72.
(pdftex.def)             Requested size: 390.0pt x 247.99098pt.
<screenshot003.png, id=372, 700.86844pt x 529.22719pt>
File: screenshot003.png Graphic file (type png)
<use screenshot003.png>
Package pdftex.def Info: screenshot003.png  used on input line 79.
(pdftex.def)             Requested size: 390.0pt x 294.49171pt.

Underfull \hbox (badness 10000) in paragraph at lines 84--85

 []

[101] [102 <./screenshot002.png>] [103 <./screenshot003.png>]
Underfull \hbox (badness 10000) in paragraph at lines 86--87

 []


Underfull \hbox (badness 10000) in paragraph at lines 156--157

 []


Underfull \hbox (badness 10000) in paragraph at lines 158--159

 []


Underfull \hbox (badness 10000) in paragraph at lines 164--165

 []

[104]
Underfull \hbox (badness 10000) in paragraph at lines 166--167

 []


Underfull \hbox (badness 10000) in paragraph at lines 168--169

 []


Underfull \hbox (badness 10000) in paragraph at lines 170--171

 []

[105]
Underfull \hbox (badness 10000) in paragraph at lines 174--175

 []


Underfull \hbox (badness 10000) in paragraph at lines 176--177

 []


Underfull \hbox (badness 10000) in paragraph at lines 178--179

 []


Underfull \hbox (badness 10000) in paragraph at lines 180--181

 []

[106]
Underfull \hbox (badness 10000) in paragraph at lines 188--189

 []


Underfull \hbox (badness 10000) in paragraph at lines 190--191

 []


Underfull \hbox (badness 10000) in paragraph at lines 192--193

 []

[107]
Underfull \hbox (badness 10000) in paragraph at lines 194--195

 []


Underfull \hbox (badness 10000) in paragraph at lines 196--197

 []


Underfull \hbox (badness 10000) in paragraph at lines 203--204

 []


Underfull \hbox (badness 10000) in paragraph at lines 205--206

 []

[108]
Underfull \hbox (badness 10000) in paragraph at lines 207--208

 []


Underfull \hbox (badness 10000) in paragraph at lines 209--210

 []


Underfull \hbox (badness 10000) in paragraph at lines 211--212

 []


Underfull \hbox (badness 10000) in paragraph at lines 219--220

 []

[109]
Underfull \hbox (badness 10000) in paragraph at lines 221--222

 []


Underfull \hbox (badness 10000) in paragraph at lines 227--228

 []


Underfull \hbox (badness 10000) in paragraph at lines 231--232

 []


Underfull \hbox (badness 10000) in paragraph at lines 259--262

 []

[110] [111]
Underfull \hbox (badness 10000) in paragraph at lines 266--267

 []

[112] [113] [114] [115] [116] [117]) (Conclusion.tex [118]
Chapter 7.

Underfull \hbox (badness 10000) in paragraph at lines 3--4

 []


Underfull \hbox (badness 10000) in paragraph at lines 5--6

 []

[119

]
Underfull \hbox (badness 10000) in paragraph at lines 17--18

 []


Underfull \hbox (badness 10000) in paragraph at lines 19--20

 []


Underfull \hbox (badness 10000) in paragraph at lines 23--24

 []

[120] [121]) (ThesisText.bbl [122]
! Missing $ inserted.
<inserted text> 
                $
l.50 \newblock Dcase-repo/dcase_
                                util: A collection of utilities for detectio...
I've inserted a begin-math/end-math symbol since I think
you left one out. Proceed, with fingers crossed.

! Missing $ inserted.
<inserted text> 
                $
l.52 ...{https://github.com/DCASE-REPO/dcase_util}
                                                  .
I've inserted a begin-math/end-math symbol since I think
you left one out. Proceed, with fingers crossed.

! Extra }, or forgotten $.
\mbox  #1->\leavevmode \hbox {#1}
                                 
l.52 ...{https://github.com/DCASE-REPO/dcase_util}
                                                  .
I've deleted a group-closing symbol because it seems to be
spurious, as in `$x}$'. But perhaps the } is legitimate and
you forgot something else, as in `\hbox{$x}'. In such cases
the way to recover is to insert both the forgotten and the
deleted material, e.g., by typing `I$}'.

! Extra }, or forgotten $.
\nfss@text #1->{\mbox {#1}}
                           
l.52 ...{https://github.com/DCASE-REPO/dcase_util}
                                                  .
I've deleted a group-closing symbol because it seems to be
spurious, as in `$x}$'. But perhaps the } is legitimate and
you forgot something else, as in `\hbox{$x}'. In such cases
the way to recover is to insert both the forgotten and the
deleted material, e.g., by typing `I$}'.

! Missing $ inserted.
<inserted text> 
                $
l.53 
     
I've inserted a begin-math/end-math symbol since I think
you left one out. Proceed, with fingers crossed.

! Missing } inserted.
<inserted text> 
                }
l.53 
     
I've inserted something that you may have forgotten.
(See the <inserted text> above.)
With luck, this will get me unwedged. But if you
really didn't forget anything, try typing `2' now; then
my insertion and my current dilemma will both disappear.


! LaTeX Error: Command \item invalid in math mode.

See the LaTeX manual or LaTeX Companion for explanation.
Type  H <return>  for immediate help.
 ...                                              
                                                  
l.55   Gagn{\'e}]{de2012deap}
                             
Try typing  <return>  to proceed.
If that doesn't work, type  X <return>  to quit.


! LaTeX Error: Something's wrong--perhaps a missing \item.

See the LaTeX manual or LaTeX Companion for explanation.
Type  H <return>  for immediate help.
 ...                                              
                                                  
l.55   Gagn{\'e}]{de2012deap}
                             
Try typing  <return>  to proceed.
If that doesn't work, type  X <return>  to quit.


! LaTeX Error: Something's wrong--perhaps a missing \item.

See the LaTeX manual or LaTeX Companion for explanation.
Type  H <return>  for immediate help.
 ...                                              
                                                  
l.55   Gagn{\'e}]{de2012deap}
                             
Try typing  <return>  to proceed.
If that doesn't work, type  X <return>  to quit.


LaTeX Warning: Command \c invalid in math mode on input line 56.

! Please use \mathaccent for accents in math mode.
<recently read> \accent 
                        
l.56 Fran{\c{c}
               }ois-Michel De~Rainville, F{\'e}lix-Antoine Fortin, Marc-Andr...
I'm changing \accent to \mathaccent here; wish me luck.
(Accents are not the same in formulas as they are in text.)


LaTeX Warning: Command \' invalid in math mode on input line 56.

! Please use \mathaccent for accents in math mode.
\add@accent ... \let \ignorespaces \relax \accent 
                                                  #1 #2\egroup \spacefactor ...
l.56 Fran{\c{c}}ois-Michel De~Rainville, F{\'e
                                              }lix-Antoine Fortin, Marc-Andr...
I'm changing \accent to \mathaccent here; wish me luck.
(Accents are not the same in formulas as they are in text.)

! You can't use `\spacefactor' in math mode.
\add@accent ... \accent #1 #2\egroup \spacefactor 
                                                  \accent@spacefactor 
l.56 Fran{\c{c}}ois-Michel De~Rainville, F{\'e
                                              }lix-Antoine Fortin, Marc-Andr...
Sorry, but I'm not programmed to handle this case;
I'll just pretend that you didn't ask for it.
If you're in the wrong mode, you might be able to
return to the right one by typing `I}' or `I$' or `I\par'.


LaTeX Warning: Command \' invalid in math mode on input line 56.

! Please use \mathaccent for accents in math mode.
\add@accent ... \let \ignorespaces \relax \accent 
                                                  #1 #2\egroup \spacefactor ...
l.56 ...e, F{\'e}lix-Antoine Fortin, Marc-Andr{\'e
                                                  }
I'm changing \accent to \mathaccent here; wish me luck.
(Accents are not the same in formulas as they are in text.)

! You can't use `\spacefactor' in math mode.
\add@accent ... \accent #1 #2\egroup \spacefactor 
                                                  \accent@spacefactor 
l.56 ...e, F{\'e}lix-Antoine Fortin, Marc-Andr{\'e
                                                  }
Sorry, but I'm not programmed to handle this case;
I'll just pretend that you didn't ask for it.
If you're in the wrong mode, you might be able to
return to the right one by typing `I}' or `I$' or `I\par'.


LaTeX Warning: Command \' invalid in math mode on input line 57.

! Please use \mathaccent for accents in math mode.
\add@accent ... \let \ignorespaces \relax \accent 
                                                  #1 #2\egroup \spacefactor ...
l.57 ...ner, Marc Parizeau, and Christian Gagn{\'e
                                                  }.
I'm changing \accent to \mathaccent here; wish me luck.
(Accents are not the same in formulas as they are in text.)

! You can't use `\spacefactor' in math mode.
\add@accent ... \accent #1 #2\egroup \spacefactor 
                                                  \accent@spacefactor 
l.57 ...ner, Marc Parizeau, and Christian Gagn{\'e
                                                  }.
Sorry, but I'm not programmed to handle this case;
I'll just pretend that you didn't ask for it.
If you're in the wrong mode, you might be able to
return to the right one by typing `I}' or `I$' or `I\par'.

! Missing $ inserted.
<inserted text> 
                $
l.61 
     
I've inserted a begin-math/end-math symbol since I think
you left one out. Proceed, with fingers crossed.

! Missing } inserted.
<inserted text> 
                }
l.61 
     
I've inserted something that you may have forgotten.
(See the <inserted text> above.)
With luck, this will get me unwedged. But if you
really didn't forget anything, try typing `2' now; then
my insertion and my current dilemma will both disappear.

! Missing } inserted.
<inserted text> 
                }
l.61 
     
I've inserted something that you may have forgotten.
(See the <inserted text> above.)
With luck, this will get me unwedged. But if you
really didn't forget anything, try typing `2' now; then
my insertion and my current dilemma will both disappear.

Missing character: There is no  in font cmex10!
Missing character: There is no  in font cmex10!
Missing character: There is no  in font cmex10!

Overfull \hbox (2033.447pt too wide) in paragraph at lines 49--61
[]\OT1/cmr/m/n/12 Dcase-Repo.  Dcase-repo/dcase$[]\OML/cmm/m/it/12 til \OT1/cmr
/m/n/12 : \OML/cmm/m/it/12 Acollectionofutilitiesfordetectionandclassificationo
facousticscenesandevents; \OT1/cmr/m/n/12 2021\OML/cmm/m/it/12 : URL[]$ 
 []

! Extra }, or forgotten \endgroup.
\par ...m \@noitemerr {\@@par }\fi \else {\@@par }
                                                  \fi 
l.61 
     
I've deleted a group-closing symbol because it seems to be
spurious, as in `$x}$'. But perhaps the } is legitimate and
you forgot something else, as in `\hbox{$x}'. In such cases
the way to recover is to insert both the forgotten and the
deleted material, e.g., by typing `I$}'.


Underfull \hbox (badness 1616) in paragraph at lines 63--67
\OT1/cmr/m/n/12 in-ter-pretable weakly la-belled sound event de-tec-tion.  \OT1
/cmr/m/it/12 arXiv preprint
 []

[123

] [124] [125] [126] [127])

Package natbib Warning: There were undefined citations.

[128] (ThesisText.aux)

LaTeX Warning: There were undefined references.

 ) 
Here is how much of TeX's memory you used:
 12784 strings out of 481212
 271916 string characters out of 2905973
 490319 words of memory out of 3000000
 28116 multiletter control sequences out of 15000+200000
 541715 words of font info for 51 fonts, out of 3000000 for 9000
 1141 hyphenation exceptions out of 8191
 68i,11n,64p,2083b,308s stack positions out of 5000i,500n,10000p,200000b,50000s
 <C:\Users\mrKC1\AppData\Local\MiKTeX\fonts/pk/ljfour/jknappen/ec/dpi600\tcrm
1200.pk><C:/Users/mrKC1/AppData/Local/Programs/MiKTeX/fonts/type1/public/amsfon
ts/cm/cmbx12.pfb><C:/Users/mrKC1/AppData/Local/Programs/MiKTeX/fonts/type1/publ
ic/amsfonts/cm/cmmi12.pfb><C:/Users/mrKC1/AppData/Local/Programs/MiKTeX/fonts/t
ype1/public/amsfonts/cm/cmmi8.pfb><C:/Users/mrKC1/AppData/Local/Programs/MiKTeX
/fonts/type1/public/amsfonts/cm/cmr12.pfb><C:/Users/mrKC1/AppData/Local/Program
s/MiKTeX/fonts/type1/public/amsfonts/cm/cmr17.pfb><C:/Users/mrKC1/AppData/Local
/Programs/MiKTeX/fonts/type1/public/amsfonts/cm/cmsy10.pfb><C:/Users/mrKC1/AppD
ata/Local/Programs/MiKTeX/fonts/type1/public/amsfonts/cm/cmti12.pfb><C:/Users/m
rKC1/AppData/Local/Programs/MiKTeX/fonts/type1/public/amsfonts/cm/cmtt12.pfb>
Output written on ThesisText.pdf (130 pages, 1568991 bytes).
PDF statistics:
 502 PDF objects out of 1000 (max. 8388607)
 0 named destinations out of 1000 (max. 500000)
 118 words of extra memory for PDF output out of 10000 (max. 10000000)

